<?xml version="1.0" encoding="UTF-8"?>
<!-- Generated by org.testng.reporters.JUnitXMLReporter -->
<testsuite ignored="9" hostname="SARAS-CNB01" failures="0" tests="1" name="Default test" time="33.28" errors="0" timestamp="2023-06-14T20:45:45 PDT">
  <testcase classname="salesforce.SalesForceAutomationScripts" name="case7_MySettings_UserMenuDropDown" time="26.357"/>
  <testcase classname="salesforce.SalesForceAutomationScripts" name="case2_Successful_LoginToSalesForce" time="0.0">
    <ignored/>
  </testcase> <!-- case2_Successful_LoginToSalesForce -->
  <testcase classname="salesforce.SalesForceAutomationScripts" name="case5_UserMenuDropdown" time="0.0">
    <ignored/>
  </testcase> <!-- case5_UserMenuDropdown -->
  <testcase classname="salesforce.SalesForceAutomationScripts" name="case11_CreateNewView" time="0.0">
    <ignored/>
  </testcase> <!-- case11_CreateNewView -->
  <testcase classname="salesforce.SalesForceAutomationScripts" name="case4B_ForgotPassword" time="0.0">
    <ignored/>
  </testcase> <!-- case4B_ForgotPassword -->
  <testcase classname="salesforce.SalesForceAutomationScripts" name="case10_CreateAccount" time="0.0">
    <ignored/>
  </testcase> <!-- case10_CreateAccount -->
  <testcase classname="salesforce.SalesForceAutomationScripts" name="case4A_ForgotPassword" time="0.0">
    <ignored/>
  </testcase> <!-- case4A_ForgotPassword -->
  <testcase classname="salesforce.SalesForceAutomationScripts" name="case3_CheckRememberMe" time="0.0">
    <ignored/>
  </testcase> <!-- case3_CheckRememberMe -->
  <testcase classname="salesforce.SalesForceAutomationScripts" name="case1_LoginErrorMessage" time="0.0">
    <ignored/>
  </testcase> <!-- case1_LoginErrorMessage -->
  <testcase classname="salesforce.SalesForceAutomationScripts" name="case8_DeveloperConsole" time="0.0">
    <ignored/>
  </testcase> <!-- case8_DeveloperConsole -->
</testsuite> <!-- Default test -->
