<?xml version="1.0" encoding="UTF-8"?>
<testsuite xmlns:xsi="http://www.w3.org/2001/XMLSchema-instance" xsi:noNamespaceSchemaLocation="https://maven.apache.org/surefire/maven-surefire-plugin/xsd/surefire-test-report.xsd" name="TestSuite" time="184.231" tests="10" errors="0" skipped="0" failures="3">
  <properties>
[...]
</properties>
  <testcase name="case10_CreateAccount" classname="salesforce.SalesForceAutomationScripts" time="15.973">
    <failure message="no such element: Unable to locate element: {&quot;method&quot;:&quot;xpath&quot;,&quot;selector&quot;:&quot;//*[@id=&apos;lexNoThanks&apos;]&quot;}&#10;  (Session info: chrome=114.0.5735.110)&#10;For documentation on this error, please visit: https://www.seleniumhq.org/exceptions/no_such_element.html&#10;Build info: version: &apos;3.141.59&apos;, revision: &apos;e82be7d358&apos;, time: &apos;2018-11-14T08:17:03&apos;&#10;System info: host: &apos;SARAS-CNB01&apos;, ip: &apos;10.0.0.25&apos;, os.name: &apos;Windows 10&apos;, os.arch: &apos;amd64&apos;, os.version: &apos;10.0&apos;, java.version: &apos;11.0.7&apos;&#10;Driver info: org.openqa.selenium.chrome.ChromeDriver&#10;Capabilities {acceptInsecureCerts: false, browserName: chrome, browserVersion: 114.0.5735.110, chrome: {chromedriverVersion: 114.0.5735.90 (386bc09e8f4f..., userDataDir: C:\Users\SARAVA~1.SOM\AppDa...}, goog:chromeOptions: {debuggerAddress: localhost:59455}, javascriptEnabled: true, networkConnectionEnabled: false, pageLoadStrategy: normal, platform: WINDOWS, platformName: WINDOWS, proxy: Proxy(), setWindowRect: true, strictFileInteractability: false, timeouts: {implicit: 0, pageLoad: 300000, script: 30000}, unhandledPromptBehavior: dismiss and notify, webauthn:extension:credBlob: true, webauthn:extension:largeBlob: true, webauthn:extension:minPinLength: true, webauthn:extension:prf: true, webauthn:virtualAuthenticators: true}&#10;Session ID: 41c1571ae1a52c578752d14c74809e89&#10;*** Element info: {Using=xpath, value=//*[@id=&apos;lexNoThanks&apos;]}" type="org.openqa.selenium.NoSuchElementException">org.openqa.selenium.NoSuchElementException: 
no such element: Unable to locate element: {"method":"xpath","selector":"//*[@id='lexNoThanks']"}
  (Session info: chrome=114.0.5735.110)
For documentation on this error, please visit: https://www.seleniumhq.org/exceptions/no_such_element.html
Build info: version: '3.141.59', revision: 'e82be7d358', time: '2018-11-14T08:17:03'
System info: host: 'SARAS-CNB01', ip: '10.0.0.25', os.name: 'Windows 10', os.arch: 'amd64', os.version: '10.0', java.version: '11.0.7'
Driver info: org.openqa.selenium.chrome.ChromeDriver
Capabilities {acceptInsecureCerts: false, browserName: chrome, browserVersion: 114.0.5735.110, chrome: {chromedriverVersion: 114.0.5735.90 (386bc09e8f4f..., userDataDir: C:\Users\SARAVA~1.SOM\AppDa...}, goog:chromeOptions: {debuggerAddress: localhost:59455}, javascriptEnabled: true, networkConnectionEnabled: false, pageLoadStrategy: normal, platform: WINDOWS, platformName: WINDOWS, proxy: Proxy(), setWindowRect: true, strictFileInteractability: false, timeouts: {implicit: 0, pageLoad: 300000, script: 30000}, unhandledPromptBehavior: dismiss and notify, webauthn:extension:credBlob: true, webauthn:extension:largeBlob: true, webauthn:extension:minPinLength: true, webauthn:extension:prf: true, webauthn:virtualAuthenticators: true}
Session ID: 41c1571ae1a52c578752d14c74809e89
*** Element info: {Using=xpath, value=//*[@id='lexNoThanks']}
	at salesforce.SalesForceAutomationScripts.case10_CreateAccount(SalesForceAutomationScripts.java:233)
</failure>
    <system-out><![CDATA[2023-06-14 18:42:27,251 INFO  SalesForceBaseTest.java:117 - chromeBrowser opened
2023-06-14 18:42:29,545 INFO  SalesForceBaseTest.java:154 - Url entered
2023-06-14 18:42:29,561 INFO  SalesForceAutomationScripts.java:217 - case10_create accounts script Started
driver in basepage = ChromeDriver: chrome on WINDOWS (41c1571ae1a52c578752d14c74809e89)
2023-06-14 18:42:29,882 INFO  BasePage.java:79 - UserNameelement cleared 
2023-06-14 18:42:30,386 INFO  BasePage.java:63 - UserName rajeeni@tekarch.com is entered to the field
2023-06-14 18:42:31,440 INFO  BasePage.java:79 - Passwordelement cleared 
2023-06-14 18:42:31,611 INFO  BasePage.java:63 - Password VjVennila2 is entered to the field
2023-06-14 18:42:41,862 INFO  BasePage.java:92 - Login Button is clicked
driver in basepage = ChromeDriver: chrome on WINDOWS (41c1571ae1a52c578752d14c74809e89)
2023-06-14 18:42:41,893 INFO  BasePage.java:49 - Actual title is: Home Page ~ Salesforce - Developer Edition
2023-06-14 18:42:41,903 INFO  BasePage.java:53 - Title matched in the page
driver in basepage = ChromeDriver: chrome on WINDOWS (41c1571ae1a52c578752d14c74809e89)
2023-06-14 18:42:42,478 INFO  HomePage.java:96 - Accounts tab selected
]]></system-out>
    <system-err><![CDATA[SLF4J: No SLF4J providers were found.
SLF4J: Defaulting to no-operation (NOP) logger implementation
SLF4J: See https://www.slf4j.org/codes.html#noProviders for further details.
Starting ChromeDriver 114.0.5735.90 (386bc09e8f4f2e025eddae123f36f6263096ae49-refs/branch-heads/5735@{#1052}) on port 40037
Only local connections are allowed.
Please see https://chromedriver.chromium.org/security-considerations for suggestions on keeping ChromeDriver safe.
ChromeDriver was started successfully.
Jun 14, 2023 6:42:27 PM org.openqa.selenium.remote.ProtocolHandshake createSession
INFO: Detected dialect: W3C
]]></system-err>
  </testcase>
  <testcase name="case11_CreateNewView" classname="salesforce.SalesForceAutomationScripts" time="19.121"/>
  <testcase name="case1_LoginErrorMessage" classname="salesforce.SalesForceAutomationScripts" time="1.64"/>
  <testcase name="case2_Successful_LoginToSalesForce" classname="salesforce.SalesForceAutomationScripts" time="14.94"/>
  <testcase name="case3_CheckRememberMe" classname="salesforce.SalesForceAutomationScripts" time="17.689"/>
  <testcase name="case4A_ForgotPassword" classname="salesforce.SalesForceAutomationScripts" time="1.728"/>
  <testcase name="case4B_ForgotPassword" classname="salesforce.SalesForceAutomationScripts" time="3.015"/>
  <testcase name="case5_UserMenuDropdown" classname="salesforce.SalesForceAutomationScripts" time="13.001"/>
  <testcase name="case7_MySettings_UserMenuDropDown" classname="salesforce.SalesForceAutomationScripts" time="23.46">
    <failure message="Reports tab not present expected [Reports] but found [Accounts]" type="java.lang.AssertionError">java.lang.AssertionError: Reports tab not present expected [Reports] but found [Accounts]
	at salesforce.SalesForceAutomationScripts.case7_MySettings_UserMenuDropDown(SalesForceAutomationScripts.java:169)
</failure>
    <system-out><![CDATA[2023-06-14 18:44:36,507 INFO  SalesForceBaseTest.java:82 - Browser closed
2023-06-14 18:44:38,157 INFO  SalesForceBaseTest.java:117 - chromeBrowser opened
2023-06-14 18:44:43,278 INFO  SalesForceBaseTest.java:154 - Url entered
2023-06-14 18:44:43,281 INFO  SalesForceAutomationScripts.java:139 - case7_My settings usermenu dropdown script Started
driver in basepage = ChromeDriver: chrome on WINDOWS (779314fcdb94efd085dfa729aac2a4f6)
2023-06-14 18:44:44,088 INFO  BasePage.java:79 - UserNameelement cleared 
2023-06-14 18:44:44,974 INFO  BasePage.java:63 - UserName rajeeni@tekarch.com is entered to the field
2023-06-14 18:44:45,137 INFO  BasePage.java:79 - Passwordelement cleared 
2023-06-14 18:44:45,293 INFO  BasePage.java:63 - Password VjVennila2 is entered to the field
2023-06-14 18:44:49,056 INFO  BasePage.java:92 - Login Button is clicked
driver in basepage = ChromeDriver: chrome on WINDOWS (779314fcdb94efd085dfa729aac2a4f6)
2023-06-14 18:44:52,692 INFO  BasePage.java:49 - Actual title is: Home Page ~ Salesforce - Developer Edition
2023-06-14 18:44:52,693 INFO  BasePage.java:53 - Title matched in the page
2023-06-14 18:44:52,771 INFO  HomePage.java:32 - UserMenu dropdown selected
2023-06-14 18:44:53,161 INFO  HomePage.java:47 - My Settings menu selected
driver in basepage = ChromeDriver: chrome on WINDOWS (779314fcdb94efd085dfa729aac2a4f6)
2023-06-14 18:44:53,509 INFO  MySettingsPage.java:37 - Personal link is clicked
2023-06-14 18:44:53,848 INFO  MySettingsPage.java:47 - Login history link is clicked
2023-06-14 18:44:53,991 INFO  MySettingsPage.java:54 - Display and Layout link is clicked
2023-06-14 18:44:54,453 INFO  MySettingsPage.java:61 - Customize my tabs link is clicked
driver in basepage = ChromeDriver: chrome on WINDOWS (779314fcdb94efd085dfa729aac2a4f6)
2023-06-14 18:44:54,708 INFO  CustomizeTabsPage.java:34 - Salesforce chatter is clicked
2023-06-14 18:44:58,293 INFO  CustomizeTabsPage.java:40 - Reports tab from available tabs is selected
2023-06-14 18:44:58,373 INFO  CustomizeTabsPage.java:44 - Reports tab added to selected tabs
2023-06-14 18:44:59,201 INFO  CustomizeTabsPage.java:48 - Customized tab settings is saved
2023-06-14 18:44:59,273 INFO  MySettingsPage.java:68 - Right dropdown is clicked
2023-06-14 18:45:02,849 INFO  MySettingsPage.java:72 - Salesforce chatter is clicked
2023-06-14 18:45:06,021 INFO  BasePage.java:92 - No Thanks is clicked
2023-06-14 18:45:06,672 INFO  BasePage.java:92 - Send TO SalesForce is clicked
driver in basepage = ChromeDriver: chrome on WINDOWS (779314fcdb94efd085dfa729aac2a4f6)
]]></system-out>
    <system-err><![CDATA[[1686793476.340][SEVERE]: Unable to receive message from renderer
Starting ChromeDriver 114.0.5735.90 (386bc09e8f4f2e025eddae123f36f6263096ae49-refs/branch-heads/5735@{#1052}) on port 10182
Only local connections are allowed.
Please see https://chromedriver.chromium.org/security-considerations for suggestions on keeping ChromeDriver safe.
ChromeDriver was started successfully.
Jun 14, 2023 6:44:38 PM org.openqa.selenium.remote.ProtocolHandshake createSession
INFO: Detected dialect: W3C
]]></system-err>
  </testcase>
  <testcase name="case8_DeveloperConsole" classname="salesforce.SalesForceAutomationScripts" time="9.907">
    <failure message="Title not matched expected [Home Page ~ Salesforce - Developer Edition] but found []" type="java.lang.AssertionError">java.lang.AssertionError: Title not matched expected [Home Page ~ Salesforce - Developer Edition] but found []
	at salesforce.SalesForceAutomationScripts.case8_DeveloperConsole(SalesForceAutomationScripts.java:209)
</failure>
    <system-out><![CDATA[driver got it in listerners utility=ChromeDriver: chrome on WINDOWS (779314fcdb94efd085dfa729aac2a4f6)
2023-06-14 18:45:07,136 INFO  SalesForceBaseTest.java:82 - Browser closed
2023-06-14 18:45:08,969 INFO  SalesForceBaseTest.java:117 - chromeBrowser opened
2023-06-14 18:45:14,864 INFO  SalesForceBaseTest.java:154 - Url entered
2023-06-14 18:45:14,865 INFO  SalesForceAutomationScripts.java:196 - case8_Developer console script Started
driver in basepage = ChromeDriver: chrome on WINDOWS (7be8dd0a996422f3cba32b8714f994b3)
2023-06-14 18:45:15,013 INFO  BasePage.java:79 - UserNameelement cleared 
2023-06-14 18:45:15,241 INFO  BasePage.java:63 - UserName rajeeni@tekarch.com is entered to the field
2023-06-14 18:45:15,386 INFO  BasePage.java:79 - Passwordelement cleared 
2023-06-14 18:45:15,540 INFO  BasePage.java:63 - Password VjVennila2 is entered to the field
2023-06-14 18:45:20,208 INFO  BasePage.java:92 - Login Button is clicked
driver in basepage = ChromeDriver: chrome on WINDOWS (7be8dd0a996422f3cba32b8714f994b3)
2023-06-14 18:45:24,772 INFO  BasePage.java:49 - Actual title is: 
]]></system-out>
    <system-err><![CDATA[[1686793507.056][SEVERE]: Unable to receive message from renderer
Starting ChromeDriver 114.0.5735.90 (386bc09e8f4f2e025eddae123f36f6263096ae49-refs/branch-heads/5735@{#1052}) on port 8990
Only local connections are allowed.
Please see https://chromedriver.chromium.org/security-considerations for suggestions on keeping ChromeDriver safe.
ChromeDriver was started successfully.
Jun 14, 2023 6:45:08 PM org.openqa.selenium.remote.ProtocolHandshake createSession
INFO: Detected dialect: W3C
]]></system-err>
  </testcase>
</testsuite>